<?xml version="1.0" encoding="UTF-8"?>
<!-- Generated by org.testng.reporters.JUnitReportReporter -->
<testsuite hostname="Sakil" failures="0" tests="1" name="facebookBase.LoginTestWithMultipleBrowser" time="7.820" errors="0" timestamp="2024-08-11T12:03:09 EDT" skipped="0">
  <testcase classname="facebookBase.LoginTestWithMultipleBrowser" name="loginTest" time="7.820"/>
  <system-out/>
</testsuite> <!-- facebookBase.LoginTestWithMultipleBrowser -->
